2020-10-22T16:25:20+00:00 CRITICAL syntax error, unexpected '}', expecting end of file in /opt/lampp/htdocs/taskWoocommerce/wp-content/themes/myTheme/functions.php on line 42

2020-10-22T16:25:22+00:00 CRITICAL syntax error, unexpected '}', expecting end of file in /opt/lampp/htdocs/taskWoocommerce/wp-content/themes/myTheme/functions.php on line 42

2020-10-22T16:30:56+00:00 CRITICAL Uncaught Error: Call to a member function add_field() on null in /opt/lampp/htdocs/taskWoocommerce/wp-content/themes/myTheme/functions.php:20
Stack trace:
#0 /opt/lampp/htdocs/taskWoocommerce/wp-includes/class-wp-hook.php(287): yourprefix_register_comment_metabox('')
#1 /opt/lampp/htdocs/taskWoocommerce/wp-includes/class-wp-hook.php(311): WP_Hook->apply_filters('', Array)
#2 /opt/lampp/htdocs/taskWoocommerce/wp-includes/plugin.php(478): WP_Hook->do_action(Array)
#3 /opt/lampp/htdocs/taskWoocommerce/wp-content/plugins/cmb2/bootstrap.php(26): do_action('cmb2_admin_init')
#4 /opt/lampp/htdocs/taskWoocommerce/wp-content/plugins/cmb2/init.php(165): cmb2_bootstrap()
#5 /opt/lampp/htdocs/taskWoocommerce/wp-includes/class-wp-hook.php(287): CMB2_Bootstrap_270->include_cmb('')
#6 /opt/lampp/htdocs/taskWoocommerce/wp-includes/class-wp-hook.php(311): WP_Hook->apply_filters(NULL, Array)
#7 /opt/lampp/htdocs/taskWoocommerce/wp-includes/plugin.php(478): WP_Hook->do_action(Array)
#8 /opt/lampp/htdocs/taskWoocommerce/wp-setti in /opt/lampp/htdocs/taskWoocommerce/wp-content/themes/myTheme/functions.php on line 20

2020-10-22T22:45:31+00:00 CRITICAL Uncaught Error: Call to undefined function get_field() in /opt/lampp/htdocs/taskWoocommerce/wp-content/themes/myTheme/woocommerce/archive-product.php:64
Stack trace:
#0 /opt/lampp/htdocs/taskWoocommerce/wp-includes/template-loader.php(106): include()
#1 /opt/lampp/htdocs/taskWoocommerce/wp-blog-header.php(19): require_once('/opt/lampp/htdo...')
#2 /opt/lampp/htdocs/taskWoocommerce/index.php(17): require('/opt/lampp/htdo...')
#3 {main}
  thrown in /opt/lampp/htdocs/taskWoocommerce/wp-content/themes/myTheme/woocommerce/archive-product.php on line 64

2020-10-22T22:45:39+00:00 CRITICAL Uncaught Error: Call to undefined function get_field_meta() in /opt/lampp/htdocs/taskWoocommerce/wp-content/themes/myTheme/woocommerce/archive-product.php:64
Stack trace:
#0 /opt/lampp/htdocs/taskWoocommerce/wp-includes/template-loader.php(106): include()
#1 /opt/lampp/htdocs/taskWoocommerce/wp-blog-header.php(19): require_once('/opt/lampp/htdo...')
#2 /opt/lampp/htdocs/taskWoocommerce/index.php(17): require('/opt/lampp/htdo...')
#3 {main}
  thrown in /opt/lampp/htdocs/taskWoocommerce/wp-content/themes/myTheme/woocommerce/archive-product.php on line 64

2020-10-22T23:04:59+00:00 CRITICAL Uncaught Error: Call to undefined function myprefix_get_option() in /opt/lampp/htdocs/taskWoocommerce/wp-content/themes/myTheme/woocommerce/archive-product.php:59
Stack trace:
#0 /opt/lampp/htdocs/taskWoocommerce/wp-includes/template-loader.php(106): include()
#1 /opt/lampp/htdocs/taskWoocommerce/wp-blog-header.php(19): require_once('/opt/lampp/htdo...')
#2 /opt/lampp/htdocs/taskWoocommerce/index.php(17): require('/opt/lampp/htdo...')
#3 {main}
  thrown in /opt/lampp/htdocs/taskWoocommerce/wp-content/themes/myTheme/woocommerce/archive-product.php on line 59

2020-10-22T23:05:26+00:00 CRITICAL Uncaught Error: Call to undefined function myCities_get_option() in /opt/lampp/htdocs/taskWoocommerce/wp-content/themes/myTheme/woocommerce/archive-product.php:59
Stack trace:
#0 /opt/lampp/htdocs/taskWoocommerce/wp-includes/template-loader.php(106): include()
#1 /opt/lampp/htdocs/taskWoocommerce/wp-blog-header.php(19): require_once('/opt/lampp/htdo...')
#2 /opt/lampp/htdocs/taskWoocommerce/index.php(17): require('/opt/lampp/htdo...')
#3 {main}
  thrown in /opt/lampp/htdocs/taskWoocommerce/wp-content/themes/myTheme/woocommerce/archive-product.php on line 59

2020-10-22T23:16:47+00:00 CRITICAL Uncaught Error: Call to undefined function CMB2_Field_Display() in /opt/lampp/htdocs/taskWoocommerce/wp-content/themes/myTheme/woocommerce/archive-product.php:70
Stack trace:
#0 /opt/lampp/htdocs/taskWoocommerce/wp-includes/template-loader.php(106): include()
#1 /opt/lampp/htdocs/taskWoocommerce/wp-blog-header.php(19): require_once('/opt/lampp/htdo...')
#2 /opt/lampp/htdocs/taskWoocommerce/index.php(17): require('/opt/lampp/htdo...')
#3 {main}
  thrown in /opt/lampp/htdocs/taskWoocommerce/wp-content/themes/myTheme/woocommerce/archive-product.php on line 70

2020-10-22T23:19:16+00:00 CRITICAL Uncaught Error: Call to a member function escaped_value() on null in /opt/lampp/htdocs/taskWoocommerce/wp-content/plugins/cmb2/includes/helper-functions.php:202
Stack trace:
#0 /opt/lampp/htdocs/taskWoocommerce/wp-content/themes/myTheme/woocommerce/archive-product.php(59): cmb2_get_field_value('myCities', 'product_cities', false)
#1 /opt/lampp/htdocs/taskWoocommerce/wp-includes/template-loader.php(106): include('/opt/lampp/htdo...')
#2 /opt/lampp/htdocs/taskWoocommerce/wp-blog-header.php(19): require_once('/opt/lampp/htdo...')
#3 /opt/lampp/htdocs/taskWoocommerce/index.php(17): require('/opt/lampp/htdo...')
#4 {main}
  thrown in /opt/lampp/htdocs/taskWoocommerce/wp-content/plugins/cmb2/includes/helper-functions.php on line 202

2020-10-22T23:44:10+00:00 CRITICAL syntax error, unexpected end of file in /opt/lampp/htdocs/taskWoocommerce/wp-content/themes/myTheme/functions.php on line 397

2020-10-22T23:44:11+00:00 CRITICAL syntax error, unexpected end of file in /opt/lampp/htdocs/taskWoocommerce/wp-content/themes/myTheme/functions.php on line 397

2020-10-22T23:44:12+00:00 CRITICAL syntax error, unexpected end of file in /opt/lampp/htdocs/taskWoocommerce/wp-content/themes/myTheme/functions.php on line 397

